<?xml version="1.0" encoding="UTF-8"?>
<!-- Generated by org.testng.reporters.JUnitXMLReporter -->
<testsuite hostname="ABC-PC" ignored="0" name="Test" tests="6" failures="0" timestamp="05 Oct 2017 19:23:34 GMT" time="5.327" errors="0">
  <testcase name="testMethod0" time="5.265" classname="com.alg.mvnproject.test1"/>
  <testcase name="testMethod1" time="0.0" classname="com.alg.mvnproject.test1"/>
  <testcase name="testMethod2" time="0.001" classname="com.alg.mvnproject.test1"/>
  <testcase name="testMethod3" time="0.0" classname="com.alg.mvnproject.test1"/>
  <testcase name="testMethod4" time="0.0" classname="com.alg.mvnproject.test1"/>
  <testcase name="testMethod5" time="0.0" classname="com.alg.mvnproject.test1"/>
</testsuite> <!-- Test -->
